<?xml version="1.0" encoding="UTF-8"?>
<robot generator="Robot 7.1.1 (Python 3.10.4 on win32)" generated="2025-03-12T19:26:31.055467" rpa="false" schemaversion="5">
<suite id="s1" name="UAT-researcherTH" source="C:\Users\tanta\OneDrive\Documents\git-group-repository-group-4\InitialProject\V.0\tests\test_researcher\UAT-researcherTH.robot">
<test id="s1-t1" name="Test Open Researchers Page" line="63">
<kw name="Open Browser" owner="SeleniumLibrary">
<msg time="2025-03-12T19:26:31.361620" level="WARN">exexcutable_path is being deprecated. Please use service to configure the driver's executable_path as per documentation.</msg>
<msg time="2025-03-12T19:26:31.362405" level="INFO">Opening browser 'chrome' to base url 'http://127.0.0.1:8000'.</msg>
<msg time="2025-03-12T19:26:34.713674" level="INFO">Cannot capture screenshot because no browser is open.</msg>
<msg time="2025-03-12T19:26:34.713674" level="FAIL">SessionNotCreatedException: Message: session not created: This version of ChromeDriver only supports Chrome version 131
Current browser version is 134.0.6998.36 with binary path C:\Program Files\Google\Chrome\Application\chrome.exe
Stacktrace:
	GetHandleVerifier [0x00007FF6B7BF80D5+2992373]
	(No symbol) [0x00007FF6B788BFD0]
	(No symbol) [0x00007FF6B772590A]
	(No symbol) [0x00007FF6B7767662]
	(No symbol) [0x00007FF6B77666CB]
	(No symbol) [0x00007FF6B77609E3]
	(No symbol) [0x00007FF6B775BC39]
	(No symbol) [0x00007FF6B77AA6AC]
	(No symbol) [0x00007FF6B77A9C90]
	(No symbol) [0x00007FF6B779F113]
	(No symbol) [0x00007FF6B776A918]
	(No symbol) [0x00007FF6B776BA81]
	GetHandleVerifier [0x00007FF6B7C56A2D+3379789]
	GetHandleVerifier [0x00007FF6B7C6C32D+3468109]
	GetHandleVerifier [0x00007FF6B7C60043+3418211]
	GetHandleVerifier [0x00007FF6B79EC78B+847787]
	(No symbol) [0x00007FF6B789757F]
	(No symbol) [0x00007FF6B7892FC4]
	(No symbol) [0x00007FF6B789315D]
	(No symbol) [0x00007FF6B7882979]
	BaseThreadInitThunk [0x00007FFECC41E8D7+23]
	RtlUserThreadStart [0x00007FFECE61BF6C+44]
</msg>
<arg>${SERVER}</arg>
<arg>${BROWSER}</arg>
<arg>executable_path=${CHROME_DRIVER_PATH}</arg>
<doc>Opens a new browser instance to the optional ``url``.</doc>
<status status="FAIL" start="2025-03-12T19:26:31.361620" elapsed="3.451785">SessionNotCreatedException: Message: session not created: This version of ChromeDriver only supports Chrome version 131
Current browser version is 134.0.6998.36 with binary path C:\Program Files\Google\Chrome\Application\chrome.exe
Stacktrace:
	GetHandleVerifier [0x00007FF6B7BF80D5+2992373]
	(No symbol) [0x00007FF6B788BFD0]
	(No symbol) [0x00007FF6B772590A]
	(No symbol) [0x00007FF6B7767662]
	(No symbol) [0x00007FF6B77666CB]
	(No symbol) [0x00007FF6B77609E3]
	(No symbol) [0x00007FF6B775BC39]
	(No symbol) [0x00007FF6B77AA6AC]
	(No symbol) [0x00007FF6B77A9C90]
	(No symbol) [0x00007FF6B779F113]
	(No symbol) [0x00007FF6B776A918]
	(No symbol) [0x00007FF6B776BA81]
	GetHandleVerifier [0x00007FF6B7C56A2D+3379789]
	GetHandleVerifier [0x00007FF6B7C6C32D+3468109]
	GetHandleVerifier [0x00007FF6B7C60043+3418211]
	GetHandleVerifier [0x00007FF6B79EC78B+847787]
	(No symbol) [0x00007FF6B789757F]
	(No symbol) [0x00007FF6B7892FC4]
	(No symbol) [0x00007FF6B789315D]
	(No symbol) [0x00007FF6B7882979]
	BaseThreadInitThunk [0x00007FFECC41E8D7+23]
	RtlUserThreadStart [0x00007FFECE61BF6C+44]
</status>
</kw>
<kw name="Sleep" owner="BuiltIn">
<arg>3s</arg>
<doc>Pauses the test executed for the given time.</doc>
<status status="NOT RUN" start="2025-03-12T19:26:34.814404" elapsed="0.000000"/>
</kw>
<kw name="Click Element" owner="SeleniumLibrary">
<arg>${RESEARCHER_MENU}</arg>
<doc>Click the element identified by ``locator``.</doc>
<status status="NOT RUN" start="2025-03-12T19:26:34.815404" elapsed="0.000000"/>
</kw>
<kw name="Sleep" owner="BuiltIn">
<arg>2s</arg>
<doc>Pauses the test executed for the given time.</doc>
<status status="NOT RUN" start="2025-03-12T19:26:34.815404" elapsed="0.000000"/>
</kw>
<kw name="Location Should Be" owner="SeleniumLibrary">
<arg>http://127.0.0.1:8000/researchers</arg>
<doc>Verifies that the current URL is exactly ``url``.</doc>
<status status="NOT RUN" start="2025-03-12T19:26:34.815404" elapsed="0.000000"/>
</kw>
<kw name="Capture Page Screenshot" owner="SeleniumLibrary">
<arg>researcher_page.png</arg>
<doc>Takes a screenshot of the current page and embeds it into a log file.</doc>
<status status="NOT RUN" start="2025-03-12T19:26:34.815404" elapsed="0.000000"/>
</kw>
<kw name="Click Element" owner="SeleniumLibrary">
<arg>//a[@id='navbarDropdownMenuLink']</arg>
<doc>Click the element identified by ``locator``.</doc>
<status status="NOT RUN" start="2025-03-12T19:26:34.815404" elapsed="0.000000"/>
</kw>
<kw name="Sleep" owner="BuiltIn">
<arg>2s</arg>
<doc>Pauses the test executed for the given time.</doc>
<status status="NOT RUN" start="2025-03-12T19:26:34.816403" elapsed="0.000000"/>
</kw>
<kw name="Go To" owner="SeleniumLibrary">
<arg>http://127.0.0.1:8000/lang/th</arg>
<doc>Navigates the current browser window to the provided ``url``.</doc>
<status status="NOT RUN" start="2025-03-12T19:26:34.816403" elapsed="0.000000"/>
</kw>
<kw name="Sleep" owner="BuiltIn">
<arg>5s</arg>
<doc>Pauses the test executed for the given time.</doc>
<status status="NOT RUN" start="2025-03-12T19:26:34.816403" elapsed="0.000000"/>
</kw>
<kw name="Page Should Contain" owner="SeleniumLibrary">
<arg>${EXPECTED_WORDS_USER_TH}[2]</arg>
<doc>Verifies that current page contains ``text``.</doc>
<status status="NOT RUN" start="2025-03-12T19:26:34.816403" elapsed="0.000000"/>
</kw>
<kw name="Page Should Contain" owner="SeleniumLibrary">
<arg>${EXPECTED_WORDS_USER_TH}[3]</arg>
<doc>Verifies that current page contains ``text``.</doc>
<status status="NOT RUN" start="2025-03-12T19:26:34.816403" elapsed="0.000000"/>
</kw>
<kw name="Page Should Contain" owner="SeleniumLibrary">
<arg>${EXPECTED_WORDS_USER_TH}[6]</arg>
<doc>Verifies that current page contains ``text``.</doc>
<status status="NOT RUN" start="2025-03-12T19:26:34.816403" elapsed="0.000000"/>
</kw>
<kw name="Page Should Contain" owner="SeleniumLibrary">
<arg>${EXPECTED_WORDS_USER_TH}[8]</arg>
<doc>Verifies that current page contains ``text``.</doc>
<status status="NOT RUN" start="2025-03-12T19:26:34.817416" elapsed="0.000000"/>
</kw>
<kw name="Capture Page Screenshot" owner="SeleniumLibrary">
<arg>researcher_page_thai.png</arg>
<doc>Takes a screenshot of the current page and embeds it into a log file.</doc>
<status status="NOT RUN" start="2025-03-12T19:26:34.817416" elapsed="0.000000"/>
</kw>
<for flavor="IN RANGE">
<iter>
<kw name="Execute Javascript" owner="SeleniumLibrary">
<arg>window.scrollBy(0, 1000)</arg>
<doc>Executes the given JavaScript code with possible arguments.</doc>
<status status="NOT RUN" start="2025-03-12T19:26:34.818405" elapsed="0.000000"/>
</kw>
<kw name="Sleep" owner="BuiltIn">
<arg>2s</arg>
<doc>Pauses the test executed for the given time.</doc>
<status status="NOT RUN" start="2025-03-12T19:26:34.818405" elapsed="0.000000"/>
</kw>
<kw name="Run Keyword If" owner="BuiltIn">
<arg>'${i}' == '9'</arg>
<arg>Page Should Contain Element</arg>
<arg>xpath=//div[contains(@class, 'researcher-item')]//h5[contains(normalize-space(.), 'Arfat Ahmad Khan')]</arg>
<doc>Runs the given keyword with the given arguments, if ``condition`` is true.</doc>
<status status="NOT RUN" start="2025-03-12T19:26:34.818405" elapsed="0.000000"/>
</kw>
<kw name="Run Keyword If" owner="BuiltIn">
<arg>'${i}' == '9'</arg>
<arg>Return From Keyword</arg>
<doc>Runs the given keyword with the given arguments, if ``condition`` is true.</doc>
<status status="NOT RUN" start="2025-03-12T19:26:34.818405" elapsed="0.000000"/>
</kw>
<var name="${i}"/>
<status status="NOT RUN" start="2025-03-12T19:26:34.818405" elapsed="0.000000"/>
</iter>
<var>${i}</var>
<value>0</value>
<value>5</value>
<status status="NOT RUN" start="2025-03-12T19:26:34.817416" elapsed="0.000989"/>
</for>
<kw name="Capture Page Screenshot" owner="SeleniumLibrary">
<arg>researcher_page_thai.png</arg>
<doc>Takes a screenshot of the current page and embeds it into a log file.</doc>
<status status="NOT RUN" start="2025-03-12T19:26:34.818405" elapsed="0.000000"/>
</kw>
<kw name="Close Browser" owner="SeleniumLibrary">
<doc>Closes the current browser.</doc>
<status status="NOT RUN" start="2025-03-12T19:26:34.819420" elapsed="0.000000"/>
</kw>
<doc>ทดสอบการเปิดหน้า "Researchers" และการเปลี่ยนภาษาเป็นไทย</doc>
<status status="FAIL" start="2025-03-12T19:26:31.359622" elapsed="3.459798">SessionNotCreatedException: Message: session not created: This version of ChromeDriver only supports Chrome version 131
Current browser version is 134.0.6998.36 with binary path C:\Program Files\Google\Chrome\Application\chrome.exe
Stacktrace:
	GetHandleVerifier [0x00007FF6B7BF80D5+2992373]
	(No symbol) [0x00007FF6B788BFD0]
	(No symbol) [0x00007FF6B772590A]
	(No symbol) [0x00007FF6B7767662]
	(No symbol) [0x00007FF6B77666CB]
	(No symbol) [0x00007FF6B77609E3]
	(No symbol) [0x00007FF6B775BC39]
	(No symbol) [0x00007FF6B77AA6AC]
	(No symbol) [0x00007FF6B77A9C90]
	(No symbol) [0x00007FF6B779F113]
	(No symbol) [0x00007FF6B776A918]
	(No symbol) [0x00007FF6B776BA81]
	GetHandleVerifier [0x00007FF6B7C56A2D+3379789]
	GetHandleVerifier [0x00007FF6B7C6C32D+3468109]
	GetHandleVerifier [0x00007FF6B7C60043+3418211]
	GetHandleVerifier [0x00007FF6B79EC78B+847787]
	(No symbol) [0x00007FF6B789757F]
	(No symbol) [0x00007FF6B7892FC4]
	(No symbol) [0x00007FF6B789315D]
	(No symbol) [0x00007FF6B7882979]
	BaseThreadInitThunk [0x00007FFECC41E8D7+23]
	RtlUserThreadStart [0x00007FFECE61BF6C+44]
</status>
</test>
<test id="s1-t2" name="Test Open Researchers Profile Page" line="101">
<kw name="Open Browser" owner="SeleniumLibrary">
<msg time="2025-03-12T19:26:34.823962" level="WARN">exexcutable_path is being deprecated. Please use service to configure the driver's executable_path as per documentation.</msg>
<msg time="2025-03-12T19:26:34.824962" level="INFO">Opening browser 'chrome' to base url 'http://127.0.0.1:8000'.</msg>
<msg time="2025-03-12T19:26:37.998664" level="INFO">Cannot capture screenshot because no browser is open.</msg>
<msg time="2025-03-12T19:26:37.998664" level="FAIL">SessionNotCreatedException: Message: session not created: This version of ChromeDriver only supports Chrome version 131
Current browser version is 134.0.6998.36 with binary path C:\Program Files\Google\Chrome\Application\chrome.exe
Stacktrace:
	GetHandleVerifier [0x00007FF6B7BF80D5+2992373]
	(No symbol) [0x00007FF6B788BFD0]
	(No symbol) [0x00007FF6B772590A]
	(No symbol) [0x00007FF6B7767662]
	(No symbol) [0x00007FF6B77666CB]
	(No symbol) [0x00007FF6B77609E3]
	(No symbol) [0x00007FF6B775BC39]
	(No symbol) [0x00007FF6B77AA6AC]
	(No symbol) [0x00007FF6B77A9C90]
	(No symbol) [0x00007FF6B779F113]
	(No symbol) [0x00007FF6B776A918]
	(No symbol) [0x00007FF6B776BA81]
	GetHandleVerifier [0x00007FF6B7C56A2D+3379789]
	GetHandleVerifier [0x00007FF6B7C6C32D+3468109]
	GetHandleVerifier [0x00007FF6B7C60043+3418211]
	GetHandleVerifier [0x00007FF6B79EC78B+847787]
	(No symbol) [0x00007FF6B789757F]
	(No symbol) [0x00007FF6B7892FC4]
	(No symbol) [0x00007FF6B789315D]
	(No symbol) [0x00007FF6B7882979]
	BaseThreadInitThunk [0x00007FFECC41E8D7+23]
	RtlUserThreadStart [0x00007FFECE61BF6C+44]
</msg>
<arg>${SERVER}</arg>
<arg>${BROWSER}</arg>
<arg>executable_path=${CHROME_DRIVER_PATH}</arg>
<doc>Opens a new browser instance to the optional ``url``.</doc>
<status status="FAIL" start="2025-03-12T19:26:34.823962" elapsed="3.175717">SessionNotCreatedException: Message: session not created: This version of ChromeDriver only supports Chrome version 131
Current browser version is 134.0.6998.36 with binary path C:\Program Files\Google\Chrome\Application\chrome.exe
Stacktrace:
	GetHandleVerifier [0x00007FF6B7BF80D5+2992373]
	(No symbol) [0x00007FF6B788BFD0]
	(No symbol) [0x00007FF6B772590A]
	(No symbol) [0x00007FF6B7767662]
	(No symbol) [0x00007FF6B77666CB]
	(No symbol) [0x00007FF6B77609E3]
	(No symbol) [0x00007FF6B775BC39]
	(No symbol) [0x00007FF6B77AA6AC]
	(No symbol) [0x00007FF6B77A9C90]
	(No symbol) [0x00007FF6B779F113]
	(No symbol) [0x00007FF6B776A918]
	(No symbol) [0x00007FF6B776BA81]
	GetHandleVerifier [0x00007FF6B7C56A2D+3379789]
	GetHandleVerifier [0x00007FF6B7C6C32D+3468109]
	GetHandleVerifier [0x00007FF6B7C60043+3418211]
	GetHandleVerifier [0x00007FF6B79EC78B+847787]
	(No symbol) [0x00007FF6B789757F]
	(No symbol) [0x00007FF6B7892FC4]
	(No symbol) [0x00007FF6B789315D]
	(No symbol) [0x00007FF6B7882979]
	BaseThreadInitThunk [0x00007FFECC41E8D7+23]
	RtlUserThreadStart [0x00007FFECE61BF6C+44]
</status>
</kw>
<kw name="Sleep" owner="BuiltIn">
<arg>3s</arg>
<doc>Pauses the test executed for the given time.</doc>
<status status="NOT RUN" start="2025-03-12T19:26:38.000073" elapsed="0.000000"/>
</kw>
<kw name="Click Element" owner="SeleniumLibrary">
<arg>${RESEARCHER_MENU}</arg>
<doc>Click the element identified by ``locator``.</doc>
<status status="NOT RUN" start="2025-03-12T19:26:38.000073" elapsed="0.000000"/>
</kw>
<kw name="Sleep" owner="BuiltIn">
<arg>2s</arg>
<doc>Pauses the test executed for the given time.</doc>
<status status="NOT RUN" start="2025-03-12T19:26:38.000073" elapsed="0.000000"/>
</kw>
<kw name="Location Should Be" owner="SeleniumLibrary">
<arg>http://127.0.0.1:8000/researchers</arg>
<doc>Verifies that the current URL is exactly ``url``.</doc>
<status status="NOT RUN" start="2025-03-12T19:26:38.001132" elapsed="0.000000"/>
</kw>
<kw name="Capture Page Screenshot" owner="SeleniumLibrary">
<arg>researcher_page.png</arg>
<doc>Takes a screenshot of the current page and embeds it into a log file.</doc>
<status status="NOT RUN" start="2025-03-12T19:26:38.001132" elapsed="0.000000"/>
</kw>
<kw name="Go To" owner="SeleniumLibrary">
<arg>${RESEARCHER_PROFILE}</arg>
<doc>Navigates the current browser window to the provided ``url``.</doc>
<status status="NOT RUN" start="2025-03-12T19:26:38.001132" elapsed="0.000000"/>
</kw>
<kw name="Sleep" owner="BuiltIn">
<arg>2s</arg>
<doc>Pauses the test executed for the given time.</doc>
<status status="NOT RUN" start="2025-03-12T19:26:38.001132" elapsed="0.000000"/>
</kw>
<kw name="Location Should Be" owner="SeleniumLibrary">
<arg>http://127.0.0.1:8000/detail/eyJpdiI6IlJ1YThYaVB6SkNSVnZqYnp4b0xmU1E9PSIsInZhbHVlIjoidHE4bjNOQk5WazBXSmRHdHpnYjIvdz09IiwibWFjIjoiNGNkNjM1OWMyYmFjNWMwMDdiMzNlZjMxNzhkNThhODhkNmMwNzNiMWZlNzA2MWYyNzllNTgyMjBjNDI0YjdlMyIsInRhZyI6IiJ9</arg>
<doc>Verifies that the current URL is exactly ``url``.</doc>
<status status="NOT RUN" start="2025-03-12T19:26:38.002185" elapsed="0.000000"/>
</kw>
<kw name="Capture Page Screenshot" owner="SeleniumLibrary">
<arg>researcherprofile_page.png</arg>
<doc>Takes a screenshot of the current page and embeds it into a log file.</doc>
<status status="NOT RUN" start="2025-03-12T19:26:38.002185" elapsed="0.000000"/>
</kw>
<kw name="Click Element" owner="SeleniumLibrary">
<arg>//a[@id='navbarDropdownMenuLink']</arg>
<doc>Click the element identified by ``locator``.</doc>
<status status="NOT RUN" start="2025-03-12T19:26:38.003138" elapsed="0.000000"/>
</kw>
<kw name="Sleep" owner="BuiltIn">
<arg>2s</arg>
<doc>Pauses the test executed for the given time.</doc>
<status status="NOT RUN" start="2025-03-12T19:26:38.003138" elapsed="0.000000"/>
</kw>
<kw name="Go To" owner="SeleniumLibrary">
<arg>http://127.0.0.1:8000/lang/th</arg>
<doc>Navigates the current browser window to the provided ``url``.</doc>
<status status="NOT RUN" start="2025-03-12T19:26:38.003138" elapsed="0.000000"/>
</kw>
<kw name="Sleep" owner="BuiltIn">
<arg>5s</arg>
<doc>Pauses the test executed for the given time.</doc>
<status status="NOT RUN" start="2025-03-12T19:26:38.003138" elapsed="0.000000"/>
</kw>
<kw name="Page Should Contain Element" owner="SeleniumLibrary">
<arg>xpath=//h6[contains(normalize-space(.), '2526 วท.บ. (คณิตศาสตร์) - มหาวิทยาลัยขอนแก่น')]</arg>
<doc>Verifies that element ``locator`` is found on the current page.</doc>
<status status="NOT RUN" start="2025-03-12T19:26:38.003138" elapsed="0.000000"/>
</kw>
<kw name="Page Should Contain Element" owner="SeleniumLibrary">
<arg>xpath=//h6[contains(normalize-space(.), '2528 พบ.ม. (สถิติประยุกต์) - สถาบันบัณฑิตพัฒนบริหารศาสตร์')]</arg>
<doc>Verifies that element ``locator`` is found on the current page.</doc>
<status status="NOT RUN" start="2025-03-12T19:26:38.003138" elapsed="0.000000"/>
</kw>
<kw name="Page Should Contain Element" owner="SeleniumLibrary">
<arg>xpath=//h6[contains(normalize-space(.), '2544 วท.ด. (วิทยาการคอมพิวเตอร์) - สถาบันเทคโนโลยีแห่งเอเชีย ประเทศไทย')]</arg>
<doc>Verifies that element ``locator`` is found on the current page.</doc>
<status status="NOT RUN" start="2025-03-12T19:26:38.003138" elapsed="0.000999"/>
</kw>
<kw name="Page Should Contain Element" owner="SeleniumLibrary">
<arg>xpath=//h6[contains(normalize-space(.), 'ศาสตราจารย์')]</arg>
<doc>Verifies that element ``locator`` is found on the current page.</doc>
<status status="NOT RUN" start="2025-03-12T19:26:38.004137" elapsed="0.000000"/>
</kw>
<kw name="Capture Page Screenshot" owner="SeleniumLibrary">
<arg>researcherprofile_page_thai.png</arg>
<doc>Takes a screenshot of the current page and embeds it into a log file.</doc>
<status status="NOT RUN" start="2025-03-12T19:26:38.004137" elapsed="0.000000"/>
</kw>
<for flavor="IN RANGE">
<iter>
<kw name="Execute Javascript" owner="SeleniumLibrary">
<arg>window.scrollBy(0, 500)</arg>
<doc>Executes the given JavaScript code with possible arguments.</doc>
<status status="NOT RUN" start="2025-03-12T19:26:38.004137" elapsed="0.000000"/>
</kw>
<kw name="Sleep" owner="BuiltIn">
<arg>2s</arg>
<doc>Pauses the test executed for the given time.</doc>
<status status="NOT RUN" start="2025-03-12T19:26:38.004137" elapsed="0.000000"/>
</kw>
<kw name="Run Keyword If" owner="BuiltIn">
<arg>'${i}' == '9'</arg>
<arg>Page Should Contain Element</arg>
<arg>xpath=//td[contains(normalize-space(.), 'ประเภทเอกสาร')]</arg>
<doc>Runs the given keyword with the given arguments, if ``condition`` is true.</doc>
<status status="NOT RUN" start="2025-03-12T19:26:38.004137" elapsed="0.000000"/>
</kw>
<kw name="Run Keyword If" owner="BuiltIn">
<arg>'${i}' == '9'</arg>
<arg>Return From Keyword</arg>
<doc>Runs the given keyword with the given arguments, if ``condition`` is true.</doc>
<status status="NOT RUN" start="2025-03-12T19:26:38.004137" elapsed="0.000000"/>
</kw>
<var name="${i}"/>
<status status="NOT RUN" start="2025-03-12T19:26:38.004137" elapsed="0.000000"/>
</iter>
<var>${i}</var>
<value>0</value>
<value>2</value>
<status status="NOT RUN" start="2025-03-12T19:26:38.004137" elapsed="0.000000"/>
</for>
<kw name="Page Should Contain Element" owner="SeleniumLibrary">
<arg>xpath=//td[contains(normalize-space(.), 'วารสาร')]</arg>
<doc>Verifies that element ``locator`` is found on the current page.</doc>
<status status="NOT RUN" start="2025-03-12T19:26:38.005137" elapsed="0.000000"/>
</kw>
<kw name="Page Should Contain Element" owner="SeleniumLibrary">
<arg>xpath=//teacher[contains(normalize-space(.), 'ศาสตรา วงศ์ธนวสุ')]</arg>
<doc>Verifies that element ``locator`` is found on the current page.</doc>
<status status="NOT RUN" start="2025-03-12T19:26:38.005137" elapsed="0.000000"/>
</kw>
<kw name="Close Browser" owner="SeleniumLibrary">
<doc>Closes the current browser.</doc>
<status status="NOT RUN" start="2025-03-12T19:26:38.005137" elapsed="0.000000"/>
</kw>
<doc>ทดสอบการเปิดหน้า "Researchers" และการเปลี่ยนภาษาเป็นไทย</doc>
<status status="FAIL" start="2025-03-12T19:26:34.822985" elapsed="3.182152">SessionNotCreatedException: Message: session not created: This version of ChromeDriver only supports Chrome version 131
Current browser version is 134.0.6998.36 with binary path C:\Program Files\Google\Chrome\Application\chrome.exe
Stacktrace:
	GetHandleVerifier [0x00007FF6B7BF80D5+2992373]
	(No symbol) [0x00007FF6B788BFD0]
	(No symbol) [0x00007FF6B772590A]
	(No symbol) [0x00007FF6B7767662]
	(No symbol) [0x00007FF6B77666CB]
	(No symbol) [0x00007FF6B77609E3]
	(No symbol) [0x00007FF6B775BC39]
	(No symbol) [0x00007FF6B77AA6AC]
	(No symbol) [0x00007FF6B77A9C90]
	(No symbol) [0x00007FF6B779F113]
	(No symbol) [0x00007FF6B776A918]
	(No symbol) [0x00007FF6B776BA81]
	GetHandleVerifier [0x00007FF6B7C56A2D+3379789]
	GetHandleVerifier [0x00007FF6B7C6C32D+3468109]
	GetHandleVerifier [0x00007FF6B7C60043+3418211]
	GetHandleVerifier [0x00007FF6B79EC78B+847787]
	(No symbol) [0x00007FF6B789757F]
	(No symbol) [0x00007FF6B7892FC4]
	(No symbol) [0x00007FF6B789315D]
	(No symbol) [0x00007FF6B7882979]
	BaseThreadInitThunk [0x00007FFECC41E8D7+23]
	RtlUserThreadStart [0x00007FFECE61BF6C+44]
</status>
</test>
<status status="FAIL" start="2025-03-12T19:26:31.057480" elapsed="6.948656"/>
</suite>
<statistics>
<total>
<stat pass="0" fail="2" skip="0">All Tests</stat>
</total>
<tag>
</tag>
<suite>
<stat pass="0" fail="2" skip="0" id="s1" name="UAT-researcherTH">UAT-researcherTH</stat>
</suite>
</statistics>
<errors>
<msg time="2025-03-12T19:26:31.361620" level="WARN">exexcutable_path is being deprecated. Please use service to configure the driver's executable_path as per documentation.</msg>
<msg time="2025-03-12T19:26:34.823962" level="WARN">exexcutable_path is being deprecated. Please use service to configure the driver's executable_path as per documentation.</msg>
</errors>
</robot>
