<?xml version="1.0" encoding="UTF-8"?>
<robot generator="Robot 7.1.1 (Python 3.10.11 on win32)" generated="2025-03-12T19:36:33.179889" rpa="false" schemaversion="5">
<suite id="s1" name="Test" source="C:\xampp\htdocs\git-group-repository-group-4\InitialProject\V.0\tests\test_home\test.robot">
<kw name="เปิดหน้าเว็บครั้งเดียว" type="SETUP">
<kw name="Open Browser" owner="SeleniumLibrary">
<msg time="2025-03-12T19:36:33.395919" level="INFO">Opening browser 'chrome' to base url 'http://127.0.0.1:8000/'.</msg>
<arg>${URL}</arg>
<arg>${BROWSER}</arg>
<doc>Opens a new browser instance to the optional ``url``.</doc>
<status status="PASS" start="2025-03-12T19:36:33.395919" elapsed="2.111876"/>
</kw>
<kw name="Maximize Browser Window" owner="SeleniumLibrary">
<doc>Maximizes current browser window.</doc>
<status status="PASS" start="2025-03-12T19:36:35.507795" elapsed="0.766415"/>
</kw>
<status status="PASS" start="2025-03-12T19:36:33.395919" elapsed="2.878795"/>
</kw>
<test id="s1-t1" name="ทดสอบการเปลี่ยนจากไทยเป็นอังกฤษ" line="56">
<kw name="เลือกภาษา">
<kw name="Click Element" owner="SeleniumLibrary">
<msg time="2025-03-12T19:36:36.274714" level="INFO">Clicking element '//a[@id='navbarDropdownMenuLink']'.</msg>
<arg>//a[@id='navbarDropdownMenuLink']</arg>
<doc>Click the element identified by ``locator``.</doc>
<status status="PASS" start="2025-03-12T19:36:36.274714" elapsed="0.108630"/>
</kw>
<kw name="Click Element" owner="SeleniumLibrary">
<msg time="2025-03-12T19:36:36.384349" level="INFO">Clicking element '//a[@class='dropdown-item' and contains(., 'ไทย')]'.</msg>
<arg>//a[@class='dropdown-item' and contains(., '${language}')]</arg>
<doc>Click the element identified by ``locator``.</doc>
<status status="PASS" start="2025-03-12T19:36:36.383344" elapsed="0.793816"/>
</kw>
<kw name="Wait Until Page Contains Element" owner="SeleniumLibrary">
<arg>//img[contains(@src, 'Banner')]</arg>
<arg>10s</arg>
<doc>Waits until the element ``locator`` appears on the current page.</doc>
<status status="PASS" start="2025-03-12T19:36:37.177160" elapsed="0.012775"/>
</kw>
<arg>${THAI}</arg>
<status status="PASS" start="2025-03-12T19:36:36.274714" elapsed="0.915221"/>
</kw>
<kw name="ตรวจสอบแบนเนอร์">
<kw name="Get Element Attribute" owner="SeleniumLibrary">
<msg time="2025-03-12T19:36:37.438201" level="INFO" html="true">&lt;/td&gt;&lt;/tr&gt;&lt;tr&gt;&lt;td colspan="3"&gt;&lt;a href="selenium-screenshot-12.png"&gt;&lt;img src="selenium-screenshot-12.png" width="800px"&gt;&lt;/a&gt;</msg>
<msg time="2025-03-12T19:36:37.438201" level="FAIL">Element with locator '//div[@id='header']//img' not found.</msg>
<var>${src}</var>
<arg>//div[@id='header']//img</arg>
<arg>src</arg>
<doc>Returns the value of ``attribute`` from the element ``locator``.</doc>
<status status="FAIL" start="2025-03-12T19:36:37.189935" elapsed="0.248266">Element with locator '//div[@id='header']//img' not found.</status>
</kw>
<kw name="Should Contain" owner="BuiltIn">
<arg>${src}</arg>
<arg>${expected_banner}</arg>
<doc>Fails if ``container`` does not contain ``item`` one or more times.</doc>
<status status="NOT RUN" start="2025-03-12T19:36:37.438201" elapsed="0.000000"/>
</kw>
<arg>img/Banner1.png</arg>
<status status="FAIL" start="2025-03-12T19:36:37.189935" elapsed="0.248266">Element with locator '//div[@id='header']//img' not found.</status>
</kw>
<kw name="เลือกภาษา">
<arg>${ENGLISH}</arg>
<status status="NOT RUN" start="2025-03-12T19:36:37.438201" elapsed="0.000000"/>
</kw>
<kw name="ตรวจสอบแบนเนอร์">
<arg>img/Banner1En.png</arg>
<status status="NOT RUN" start="2025-03-12T19:36:37.438201" elapsed="0.000000"/>
</kw>
<tag>Language</tag>
<status status="FAIL" start="2025-03-12T19:36:36.274714" elapsed="1.163487">Element with locator '//div[@id='header']//img' not found.</status>
</test>
<test id="s1-t2" name="ทดสอบการเปลี่ยนจากไทยเป็นอังกฤษและจีน" line="64">
<kw name="เลือกภาษา">
<kw name="Click Element" owner="SeleniumLibrary">
<msg time="2025-03-12T19:36:37.438201" level="INFO">Clicking element '//a[@id='navbarDropdownMenuLink']'.</msg>
<arg>//a[@id='navbarDropdownMenuLink']</arg>
<doc>Click the element identified by ``locator``.</doc>
<status status="PASS" start="2025-03-12T19:36:37.438201" elapsed="0.070718"/>
</kw>
<kw name="Click Element" owner="SeleniumLibrary">
<msg time="2025-03-12T19:36:37.508919" level="INFO">Clicking element '//a[@class='dropdown-item' and contains(., 'ไทย')]'.</msg>
<msg time="2025-03-12T19:36:37.770740" level="INFO" html="true">&lt;/td&gt;&lt;/tr&gt;&lt;tr&gt;&lt;td colspan="3"&gt;&lt;a href="selenium-screenshot-13.png"&gt;&lt;img src="selenium-screenshot-13.png" width="800px"&gt;&lt;/a&gt;</msg>
<msg time="2025-03-12T19:36:37.770740" level="FAIL">Element with locator '//a[@class='dropdown-item' and contains(., 'ไทย')]' not found.</msg>
<arg>//a[@class='dropdown-item' and contains(., '${language}')]</arg>
<doc>Click the element identified by ``locator``.</doc>
<status status="FAIL" start="2025-03-12T19:36:37.508919" elapsed="0.261821">Element with locator '//a[@class='dropdown-item' and contains(., 'ไทย')]' not found.</status>
</kw>
<kw name="Wait Until Page Contains Element" owner="SeleniumLibrary">
<arg>//img[contains(@src, 'Banner')]</arg>
<arg>10s</arg>
<doc>Waits until the element ``locator`` appears on the current page.</doc>
<status status="NOT RUN" start="2025-03-12T19:36:37.770740" elapsed="0.000000"/>
</kw>
<arg>${THAI}</arg>
<status status="FAIL" start="2025-03-12T19:36:37.438201" elapsed="0.332539">Element with locator '//a[@class='dropdown-item' and contains(., 'ไทย')]' not found.</status>
</kw>
<kw name="ตรวจสอบแบนเนอร์">
<arg>img/Banner1.png</arg>
<status status="NOT RUN" start="2025-03-12T19:36:37.770740" elapsed="0.000000"/>
</kw>
<kw name="เลือกภาษา">
<arg>${ENGLISH}</arg>
<status status="NOT RUN" start="2025-03-12T19:36:37.770740" elapsed="0.000000"/>
</kw>
<kw name="ตรวจสอบแบนเนอร์">
<arg>img/Banner1En.png</arg>
<status status="NOT RUN" start="2025-03-12T19:36:37.770740" elapsed="0.000000"/>
</kw>
<kw name="เลือกภาษา">
<arg>${CHINESE}</arg>
<status status="NOT RUN" start="2025-03-12T19:36:37.770740" elapsed="0.000000"/>
</kw>
<kw name="ตรวจสอบแบนเนอร์">
<arg>img/Banner1Zh.png</arg>
<status status="NOT RUN" start="2025-03-12T19:36:37.770740" elapsed="0.000000"/>
</kw>
<doc>ตรวจสอบการเปลี่ยนจากไทยเป็นอังกฤษและจีน</doc>
<tag>Language</tag>
<status status="FAIL" start="2025-03-12T19:36:37.438201" elapsed="0.332539">Element with locator '//a[@class='dropdown-item' and contains(., 'ไทย')]' not found.</status>
</test>
<test id="s1-t3" name="ทดสอบการเปลี่ยนจากจีนเป็นไทย" line="74">
<kw name="เลือกภาษา">
<kw name="Click Element" owner="SeleniumLibrary">
<msg time="2025-03-12T19:36:37.770740" level="INFO">Clicking element '//a[@id='navbarDropdownMenuLink']'.</msg>
<arg>//a[@id='navbarDropdownMenuLink']</arg>
<doc>Click the element identified by ``locator``.</doc>
<status status="PASS" start="2025-03-12T19:36:37.770740" elapsed="0.050425"/>
</kw>
<kw name="Click Element" owner="SeleniumLibrary">
<msg time="2025-03-12T19:36:37.821165" level="INFO">Clicking element '//a[@class='dropdown-item' and contains(., 'English')]'.</msg>
<msg time="2025-03-12T19:36:38.108015" level="INFO" html="true">&lt;/td&gt;&lt;/tr&gt;&lt;tr&gt;&lt;td colspan="3"&gt;&lt;a href="selenium-screenshot-14.png"&gt;&lt;img src="selenium-screenshot-14.png" width="800px"&gt;&lt;/a&gt;</msg>
<msg time="2025-03-12T19:36:38.108015" level="FAIL">ElementNotInteractableException: Message: element not interactable
  (Session info: chrome=134.0.6998.36)
Stacktrace:
	GetHandleVerifier [0x00007FF7B2FFFE45+26629]
	(No symbol) [0x00007FF7B2F66010]
	(No symbol) [0x00007FF7B2DF914C]
	(No symbol) [0x00007FF7B2E50D24]
	(No symbol) [0x00007FF7B2E428A4]
	(No symbol) [0x00007FF7B2E77AAA]
	(No symbol) [0x00007FF7B2E42156]
	(No symbol) [0x00007FF7B2E77CC0]
	(No symbol) [0x00007FF7B2EA0169]
	(No symbol) [0x00007FF7B2E77883]
	(No symbol) [0x00007FF7B2E40550]
	(No symbol) [0x00007FF7B2E41803]
	GetHandleVerifier [0x00007FF7B33572BD+3529853]
	GetHandleVerifier [0x00007FF7B336DA22+3621858]
	GetHandleVerifier [0x00007FF7B33624D3+3575443]
	GetHandleVerifier [0x00007FF7B30CB77A+860474]
	(No symbol) [0x00007FF7B2F7088F]
	(No symbol) [0x00007FF7B2F6CBC4]
	(No symbol) [0x00007FF7B2F6CD66]
	(No symbol) [0x00007FF7B2F5C2C9]
	BaseThreadInitThunk [0x00007FF8E6EF259D+29]
	RtlUserThreadStart [0x00007FF8E836AF38+40]
</msg>
<arg>//a[@class='dropdown-item' and contains(., '${language}')]</arg>
<doc>Click the element identified by ``locator``.</doc>
<status status="FAIL" start="2025-03-12T19:36:37.821165" elapsed="0.287850">ElementNotInteractableException: Message: element not interactable
  (Session info: chrome=134.0.6998.36)
Stacktrace:
	GetHandleVerifier [0x00007FF7B2FFFE45+26629]
	(No symbol) [0x00007FF7B2F66010]
	(No symbol) [0x00007FF7B2DF914C]
	(No symbol) [0x00007FF7B2E50D24]
	(No symbol) [0x00007FF7B2E428A4]
	(No symbol) [0x00007FF7B2E77AAA]
	(No symbol) [0x00007FF7B2E42156]
	(No symbol) [0x00007FF7B2E77CC0]
	(No symbol) [0x00007FF7B2EA0169]
	(No symbol) [0x00007FF7B2E77883]
	(No symbol) [0x00007FF7B2E40550]
	(No symbol) [0x00007FF7B2E41803]
	GetHandleVerifier [0x00007FF7B33572BD+3529853]
	GetHandleVerifier [0x00007FF7B336DA22+3621858]
	GetHandleVerifier [0x00007FF7B33624D3+3575443]
	GetHandleVerifier [0x00007FF7B30CB77A+860474]
	(No symbol) [0x00007FF7B2F7088F]
	(No symbol) [0x00007FF7B2F6CBC4]
	(No symbol) [0x00007FF7B2F6CD66]
	(No symbol) [0x00007FF7B2F5C2C9]
	BaseThreadInitThunk [0x00007FF8E6EF259D+29]
	RtlUserThreadStart [0x00007FF8E836AF38+40]
</status>
</kw>
<kw name="Wait Until Page Contains Element" owner="SeleniumLibrary">
<arg>//img[contains(@src, 'Banner')]</arg>
<arg>10s</arg>
<doc>Waits until the element ``locator`` appears on the current page.</doc>
<status status="NOT RUN" start="2025-03-12T19:36:38.109015" elapsed="0.001211"/>
</kw>
<arg>${ENGLISH}</arg>
<status status="FAIL" start="2025-03-12T19:36:37.770740" elapsed="0.339486">ElementNotInteractableException: Message: element not interactable
  (Session info: chrome=134.0.6998.36)
Stacktrace:
	GetHandleVerifier [0x00007FF7B2FFFE45+26629]
	(No symbol) [0x00007FF7B2F66010]
	(No symbol) [0x00007FF7B2DF914C]
	(No symbol) [0x00007FF7B2E50D24]
	(No symbol) [0x00007FF7B2E428A4]
	(No symbol) [0x00007FF7B2E77AAA]
	(No symbol) [0x00007FF7B2E42156]
	(No symbol) [0x00007FF7B2E77CC0]
	(No symbol) [0x00007FF7B2EA0169]
	(No symbol) [0x00007FF7B2E77883]
	(No symbol) [0x00007FF7B2E40550]
	(No symbol) [0x00007FF7B2E41803]
	GetHandleVerifier [0x00007FF7B33572BD+3529853]
	GetHandleVerifier [0x00007FF7B336DA22+3621858]
	GetHandleVerifier [0x00007FF7B33624D3+3575443]
	GetHandleVerifier [0x00007FF7B30CB77A+860474]
	(No symbol) [0x00007FF7B2F7088F]
	(No symbol) [0x00007FF7B2F6CBC4]
	(No symbol) [0x00007FF7B2F6CD66]
	(No symbol) [0x00007FF7B2F5C2C9]
	BaseThreadInitThunk [0x00007FF8E6EF259D+29]
	RtlUserThreadStart [0x00007FF8E836AF38+40]
</status>
</kw>
<kw name="ตรวจสอบแบนเนอร์">
<arg>img/Banner1En.png</arg>
<status status="NOT RUN" start="2025-03-12T19:36:38.111234" elapsed="0.000000"/>
</kw>
<kw name="เลือกภาษา">
<arg>${CHINESE}</arg>
<status status="NOT RUN" start="2025-03-12T19:36:38.112233" elapsed="0.000000"/>
</kw>
<kw name="ตรวจสอบแบนเนอร์">
<arg>img/Banner1Zh.png</arg>
<status status="NOT RUN" start="2025-03-12T19:36:38.112233" elapsed="0.000000"/>
</kw>
<kw name="เลือกภาษา">
<arg>${THAI}</arg>
<status status="NOT RUN" start="2025-03-12T19:36:38.113445" elapsed="0.000000"/>
</kw>
<kw name="ตรวจสอบแบนเนอร์">
<arg>img/Banner1.png</arg>
<status status="NOT RUN" start="2025-03-12T19:36:38.113445" elapsed="0.000000"/>
</kw>
<tag>Language</tag>
<status status="FAIL" start="2025-03-12T19:36:37.770740" elapsed="0.342705">ElementNotInteractableException: Message: element not interactable
  (Session info: chrome=134.0.6998.36)
Stacktrace:
	GetHandleVerifier [0x00007FF7B2FFFE45+26629]
	(No symbol) [0x00007FF7B2F66010]
	(No symbol) [0x00007FF7B2DF914C]
	(No symbol) [0x00007FF7B2E50D24]
	(No symbol) [0x00007FF7B2E428A4]
	(No symbol) [0x00007FF7B2E77AAA]
	(No symbol) [0x00007FF7B2E42156]
	(No symbol) [0x00007FF7B2E77CC0]
	(No symbol) [0x00007FF7B2EA0169]
	(No symbol) [0x00007FF7B2E77883]
	(No symbol) [0x00007FF7B2E40550]
	(No symbol) [0x00007FF7B2E41803]
	GetHandleVerifier [0x00007FF7B33572BD+3529853]
	GetHandleVerifier [0x00007FF7B336DA22+3621858]
	GetHandleVerifier [0x00007FF7B33624D3+3575443]
	GetHandleVerifier [0x00007FF7B30CB77A+860474]
	(No symbol) [0x00007FF7B2F7088F]
	(No symbol) [0x00007FF7B2F6CBC4]
	(No symbol) [0x00007FF7B2F6CD66]
	(No symbol) [0x00007FF7B2F5C2C9]
	BaseThreadInitThunk [0x00007FF8E6EF259D+29]
	RtlUserThreadStart [0x00007FF8E836AF38+40]
</status>
</test>
<test id="s1-t4" name="ทดสอบการแสดงผลภาษาไทย" line="83">
<kw name="เลือกภาษา">
<kw name="Click Element" owner="SeleniumLibrary">
<msg time="2025-03-12T19:36:38.119516" level="INFO">Clicking element '//a[@id='navbarDropdownMenuLink']'.</msg>
<arg>//a[@id='navbarDropdownMenuLink']</arg>
<doc>Click the element identified by ``locator``.</doc>
<status status="PASS" start="2025-03-12T19:36:38.119516" elapsed="0.070429"/>
</kw>
<kw name="Click Element" owner="SeleniumLibrary">
<msg time="2025-03-12T19:36:38.190945" level="INFO">Clicking element '//a[@class='dropdown-item' and contains(., 'English')]'.</msg>
<arg>//a[@class='dropdown-item' and contains(., '${language}')]</arg>
<doc>Click the element identified by ``locator``.</doc>
<status status="PASS" start="2025-03-12T19:36:38.189945" elapsed="0.667483"/>
</kw>
<kw name="Wait Until Page Contains Element" owner="SeleniumLibrary">
<arg>//img[contains(@src, 'Banner')]</arg>
<arg>10s</arg>
<doc>Waits until the element ``locator`` appears on the current page.</doc>
<status status="PASS" start="2025-03-12T19:36:38.858910" elapsed="0.009018"/>
</kw>
<arg>${ENGLISH}</arg>
<status status="PASS" start="2025-03-12T19:36:38.119516" elapsed="0.749010"/>
</kw>
<kw name="ตรวจสอบแบนเนอร์">
<kw name="Get Element Attribute" owner="SeleniumLibrary">
<msg time="2025-03-12T19:36:39.205486" level="INFO" html="true">&lt;/td&gt;&lt;/tr&gt;&lt;tr&gt;&lt;td colspan="3"&gt;&lt;a href="selenium-screenshot-15.png"&gt;&lt;img src="selenium-screenshot-15.png" width="800px"&gt;&lt;/a&gt;</msg>
<msg time="2025-03-12T19:36:39.205486" level="FAIL">Element with locator '//div[@id='header']//img' not found.</msg>
<var>${src}</var>
<arg>//div[@id='header']//img</arg>
<arg>src</arg>
<doc>Returns the value of ``attribute`` from the element ``locator``.</doc>
<status status="FAIL" start="2025-03-12T19:36:38.869777" elapsed="0.336694">Element with locator '//div[@id='header']//img' not found.</status>
</kw>
<kw name="Should Contain" owner="BuiltIn">
<arg>${src}</arg>
<arg>${expected_banner}</arg>
<doc>Fails if ``container`` does not contain ``item`` one or more times.</doc>
<status status="NOT RUN" start="2025-03-12T19:36:39.206471" elapsed="0.000000"/>
</kw>
<arg>img/Banner1En.png</arg>
<status status="FAIL" start="2025-03-12T19:36:38.868732" elapsed="0.338753">Element with locator '//div[@id='header']//img' not found.</status>
</kw>
<kw name="เลือกภาษา">
<arg>${THAI}</arg>
<status status="NOT RUN" start="2025-03-12T19:36:39.207485" elapsed="0.000000"/>
</kw>
<kw name="ตรวจสอบแบนเนอร์">
<arg>img/Banner1.png</arg>
<status status="NOT RUN" start="2025-03-12T19:36:39.208363" elapsed="0.000000"/>
</kw>
<kw name="Capture Page Screenshot" owner="SeleniumLibrary">
<arg>thai_language_test.png</arg>
<doc>Takes a screenshot of the current page and embeds it into a log file.</doc>
<status status="NOT RUN" start="2025-03-12T19:36:39.208363" elapsed="0.000000"/>
</kw>
<doc>ตรวจสอบว่าเลือกภาษาไทยแล้วแสดงแบนเนอร์และเนื้อหาถูกต้อง</doc>
<tag>Language</tag>
<status status="FAIL" start="2025-03-12T19:36:38.116272" elapsed="1.092091">Element with locator '//div[@id='header']//img' not found.</status>
</test>
<test id="s1-t5" name="ทดสอบการแสดงผลภาษาอังกฤษ" line="92">
<kw name="เลือกภาษา">
<kw name="Click Element" owner="SeleniumLibrary">
<msg time="2025-03-12T19:36:39.213495" level="INFO">Clicking element '//a[@id='navbarDropdownMenuLink']'.</msg>
<arg>//a[@id='navbarDropdownMenuLink']</arg>
<doc>Click the element identified by ``locator``.</doc>
<status status="PASS" start="2025-03-12T19:36:39.213495" elapsed="0.069656"/>
</kw>
<kw name="Click Element" owner="SeleniumLibrary">
<msg time="2025-03-12T19:36:39.283151" level="INFO">Clicking element '//a[@class='dropdown-item' and contains(., 'English')]'.</msg>
<msg time="2025-03-12T19:36:39.626899" level="INFO" html="true">&lt;/td&gt;&lt;/tr&gt;&lt;tr&gt;&lt;td colspan="3"&gt;&lt;a href="selenium-screenshot-16.png"&gt;&lt;img src="selenium-screenshot-16.png" width="800px"&gt;&lt;/a&gt;</msg>
<msg time="2025-03-12T19:36:39.626899" level="FAIL">Element with locator '//a[@class='dropdown-item' and contains(., 'English')]' not found.</msg>
<arg>//a[@class='dropdown-item' and contains(., '${language}')]</arg>
<doc>Click the element identified by ``locator``.</doc>
<status status="FAIL" start="2025-03-12T19:36:39.283151" elapsed="0.343748">Element with locator '//a[@class='dropdown-item' and contains(., 'English')]' not found.</status>
</kw>
<kw name="Wait Until Page Contains Element" owner="SeleniumLibrary">
<arg>//img[contains(@src, 'Banner')]</arg>
<arg>10s</arg>
<doc>Waits until the element ``locator`` appears on the current page.</doc>
<status status="NOT RUN" start="2025-03-12T19:36:39.626899" elapsed="0.000000"/>
</kw>
<arg>${ENGLISH}</arg>
<status status="FAIL" start="2025-03-12T19:36:39.213495" elapsed="0.413404">Element with locator '//a[@class='dropdown-item' and contains(., 'English')]' not found.</status>
</kw>
<kw name="ตรวจสอบแบนเนอร์">
<arg>img/Banner1En.png</arg>
<status status="NOT RUN" start="2025-03-12T19:36:39.626899" elapsed="0.000000"/>
</kw>
<kw name="Capture Page Screenshot" owner="SeleniumLibrary">
<arg>english_language_test.png</arg>
<doc>Takes a screenshot of the current page and embeds it into a log file.</doc>
<status status="NOT RUN" start="2025-03-12T19:36:39.626899" elapsed="0.000000"/>
</kw>
<doc>ตรวจสอบว่าเลือกภาษาอังกฤษแล้วแสดงแบนเนอร์และเนื้อหาถูกต้อง</doc>
<tag>Language</tag>
<status status="FAIL" start="2025-03-12T19:36:39.209380" elapsed="0.417519">Element with locator '//a[@class='dropdown-item' and contains(., 'English')]' not found.</status>
</test>
<test id="s1-t6" name="ทดสอบการแสดงผลภาษาจีน" line="99">
<kw name="เลือกภาษา">
<kw name="Click Element" owner="SeleniumLibrary">
<msg time="2025-03-12T19:36:39.626899" level="INFO">Clicking element '//a[@id='navbarDropdownMenuLink']'.</msg>
<arg>//a[@id='navbarDropdownMenuLink']</arg>
<doc>Click the element identified by ``locator``.</doc>
<status status="PASS" start="2025-03-12T19:36:39.626899" elapsed="0.071908"/>
</kw>
<kw name="Click Element" owner="SeleniumLibrary">
<msg time="2025-03-12T19:36:39.698807" level="INFO">Clicking element '//a[@class='dropdown-item' and contains(., '中文')]'.</msg>
<msg time="2025-03-12T19:36:40.070557" level="INFO" html="true">&lt;/td&gt;&lt;/tr&gt;&lt;tr&gt;&lt;td colspan="3"&gt;&lt;a href="selenium-screenshot-17.png"&gt;&lt;img src="selenium-screenshot-17.png" width="800px"&gt;&lt;/a&gt;</msg>
<msg time="2025-03-12T19:36:40.070557" level="FAIL">ElementNotInteractableException: Message: element not interactable
  (Session info: chrome=134.0.6998.36)
Stacktrace:
	GetHandleVerifier [0x00007FF7B2FFFE45+26629]
	(No symbol) [0x00007FF7B2F66010]
	(No symbol) [0x00007FF7B2DF914C]
	(No symbol) [0x00007FF7B2E50D24]
	(No symbol) [0x00007FF7B2E428A4]
	(No symbol) [0x00007FF7B2E77AAA]
	(No symbol) [0x00007FF7B2E42156]
	(No symbol) [0x00007FF7B2E77CC0]
	(No symbol) [0x00007FF7B2EA0169]
	(No symbol) [0x00007FF7B2E77883]
	(No symbol) [0x00007FF7B2E40550]
	(No symbol) [0x00007FF7B2E41803]
	GetHandleVerifier [0x00007FF7B33572BD+3529853]
	GetHandleVerifier [0x00007FF7B336DA22+3621858]
	GetHandleVerifier [0x00007FF7B33624D3+3575443]
	GetHandleVerifier [0x00007FF7B30CB77A+860474]
	(No symbol) [0x00007FF7B2F7088F]
	(No symbol) [0x00007FF7B2F6CBC4]
	(No symbol) [0x00007FF7B2F6CD66]
	(No symbol) [0x00007FF7B2F5C2C9]
	BaseThreadInitThunk [0x00007FF8E6EF259D+29]
	RtlUserThreadStart [0x00007FF8E836AF38+40]
</msg>
<arg>//a[@class='dropdown-item' and contains(., '${language}')]</arg>
<doc>Click the element identified by ``locator``.</doc>
<status status="FAIL" start="2025-03-12T19:36:39.698807" elapsed="0.371750">ElementNotInteractableException: Message: element not interactable
  (Session info: chrome=134.0.6998.36)
Stacktrace:
	GetHandleVerifier [0x00007FF7B2FFFE45+26629]
	(No symbol) [0x00007FF7B2F66010]
	(No symbol) [0x00007FF7B2DF914C]
	(No symbol) [0x00007FF7B2E50D24]
	(No symbol) [0x00007FF7B2E428A4]
	(No symbol) [0x00007FF7B2E77AAA]
	(No symbol) [0x00007FF7B2E42156]
	(No symbol) [0x00007FF7B2E77CC0]
	(No symbol) [0x00007FF7B2EA0169]
	(No symbol) [0x00007FF7B2E77883]
	(No symbol) [0x00007FF7B2E40550]
	(No symbol) [0x00007FF7B2E41803]
	GetHandleVerifier [0x00007FF7B33572BD+3529853]
	GetHandleVerifier [0x00007FF7B336DA22+3621858]
	GetHandleVerifier [0x00007FF7B33624D3+3575443]
	GetHandleVerifier [0x00007FF7B30CB77A+860474]
	(No symbol) [0x00007FF7B2F7088F]
	(No symbol) [0x00007FF7B2F6CBC4]
	(No symbol) [0x00007FF7B2F6CD66]
	(No symbol) [0x00007FF7B2F5C2C9]
	BaseThreadInitThunk [0x00007FF8E6EF259D+29]
	RtlUserThreadStart [0x00007FF8E836AF38+40]
</status>
</kw>
<kw name="Wait Until Page Contains Element" owner="SeleniumLibrary">
<arg>//img[contains(@src, 'Banner')]</arg>
<arg>10s</arg>
<doc>Waits until the element ``locator`` appears on the current page.</doc>
<status status="NOT RUN" start="2025-03-12T19:36:40.070557" elapsed="0.000000"/>
</kw>
<arg>${CHINESE}</arg>
<status status="FAIL" start="2025-03-12T19:36:39.626899" elapsed="0.443658">ElementNotInteractableException: Message: element not interactable
  (Session info: chrome=134.0.6998.36)
Stacktrace:
	GetHandleVerifier [0x00007FF7B2FFFE45+26629]
	(No symbol) [0x00007FF7B2F66010]
	(No symbol) [0x00007FF7B2DF914C]
	(No symbol) [0x00007FF7B2E50D24]
	(No symbol) [0x00007FF7B2E428A4]
	(No symbol) [0x00007FF7B2E77AAA]
	(No symbol) [0x00007FF7B2E42156]
	(No symbol) [0x00007FF7B2E77CC0]
	(No symbol) [0x00007FF7B2EA0169]
	(No symbol) [0x00007FF7B2E77883]
	(No symbol) [0x00007FF7B2E40550]
	(No symbol) [0x00007FF7B2E41803]
	GetHandleVerifier [0x00007FF7B33572BD+3529853]
	GetHandleVerifier [0x00007FF7B336DA22+3621858]
	GetHandleVerifier [0x00007FF7B33624D3+3575443]
	GetHandleVerifier [0x00007FF7B30CB77A+860474]
	(No symbol) [0x00007FF7B2F7088F]
	(No symbol) [0x00007FF7B2F6CBC4]
	(No symbol) [0x00007FF7B2F6CD66]
	(No symbol) [0x00007FF7B2F5C2C9]
	BaseThreadInitThunk [0x00007FF8E6EF259D+29]
	RtlUserThreadStart [0x00007FF8E836AF38+40]
</status>
</kw>
<kw name="ตรวจสอบแบนเนอร์">
<arg>img/Banner1Zh.png</arg>
<status status="NOT RUN" start="2025-03-12T19:36:40.070557" elapsed="0.000000"/>
</kw>
<kw name="Capture Page Screenshot" owner="SeleniumLibrary">
<arg>chinese_language_test.png</arg>
<doc>Takes a screenshot of the current page and embeds it into a log file.</doc>
<status status="NOT RUN" start="2025-03-12T19:36:40.070557" elapsed="0.000000"/>
</kw>
<doc>ตรวจสอบว่าเลือกภาษาจีนแล้วแสดงแบนเนอร์และเนื้อหาถูกต้อง</doc>
<tag>Language</tag>
<status status="FAIL" start="2025-03-12T19:36:39.626899" elapsed="0.443658">ElementNotInteractableException: Message: element not interactable
  (Session info: chrome=134.0.6998.36)
Stacktrace:
	GetHandleVerifier [0x00007FF7B2FFFE45+26629]
	(No symbol) [0x00007FF7B2F66010]
	(No symbol) [0x00007FF7B2DF914C]
	(No symbol) [0x00007FF7B2E50D24]
	(No symbol) [0x00007FF7B2E428A4]
	(No symbol) [0x00007FF7B2E77AAA]
	(No symbol) [0x00007FF7B2E42156]
	(No symbol) [0x00007FF7B2E77CC0]
	(No symbol) [0x00007FF7B2EA0169]
	(No symbol) [0x00007FF7B2E77883]
	(No symbol) [0x00007FF7B2E40550]
	(No symbol) [0x00007FF7B2E41803]
	GetHandleVerifier [0x00007FF7B33572BD+3529853]
	GetHandleVerifier [0x00007FF7B336DA22+3621858]
	GetHandleVerifier [0x00007FF7B33624D3+3575443]
	GetHandleVerifier [0x00007FF7B30CB77A+860474]
	(No symbol) [0x00007FF7B2F7088F]
	(No symbol) [0x00007FF7B2F6CBC4]
	(No symbol) [0x00007FF7B2F6CD66]
	(No symbol) [0x00007FF7B2F5C2C9]
	BaseThreadInitThunk [0x00007FF8E6EF259D+29]
	RtlUserThreadStart [0x00007FF8E836AF38+40]
</status>
</test>
<kw name="ปิดเบราว์เซอร์" type="TEARDOWN">
<kw name="Close Browser" owner="SeleniumLibrary">
<doc>Closes the current browser.</doc>
<status status="PASS" start="2025-03-12T19:36:40.070557" elapsed="2.167921"/>
</kw>
<status status="PASS" start="2025-03-12T19:36:40.070557" elapsed="2.167921"/>
</kw>
<status status="FAIL" start="2025-03-12T19:36:33.181347" elapsed="9.057131"/>
</suite>
<statistics>
<total>
<stat pass="0" fail="6" skip="0">All Tests</stat>
</total>
<tag>
<stat pass="0" fail="6" skip="0">Language</stat>
</tag>
<suite>
<stat pass="0" fail="6" skip="0" id="s1" name="Test">Test</stat>
</suite>
</statistics>
<errors>
</errors>
</robot>
